<?xml version="1.0" encoding="UTF-8"?>
<!-- Generated by org.testng.reporters.JUnitReportReporter -->
<testsuite skipped="0" hostname="Mac-mini" name="coding.Assignment1.FirstRcTest" tests="6" failures="0" timestamp="05 Dec 2019 22:42:17 GMT" time="0.036" errors="0">
  <testcase name="inValid" time="0.004" classname="coding.Assignment1.FirstRcTest"/>
  <testcase name="singleCharStr" time="0.002" classname="coding.Assignment1.FirstRcTest"/>
  <testcase name="nullStr" time="0.004" classname="coding.Assignment1.FirstRcTest"/>
  <testcase name="valid" time="0.003" classname="coding.Assignment1.FirstRcTest"/>
  <testcase name="capsCharStr" time="0.016" classname="coding.Assignment1.FirstRcTest"/>
  <testcase name="sStr" time="0.007" classname="coding.Assignment1.FirstRcTest"/>
</testsuite> <!-- coding.Assignment1.FirstRcTest -->
