<?xml version="1.0" encoding="UTF-8"?>
<!-- Generated by org.testng.reporters.JUnitReportReporter -->
<testsuite skipped="0" hostname="Mac-mini" name="coding.Assignment1.AnagramTest" tests="7" failures="0" timestamp="05 Dec 2019 20:32:55 GMT" time="0.044" errors="0">
  <testcase name="validSpace" time="0.004" classname="coding.Assignment1.AnagramTest"/>
  <testcase name="singleLetter" time="0.006" classname="coding.Assignment1.AnagramTest"/>
  <testcase name="valid" time="0.003" classname="coding.Assignment1.AnagramTest"/>
  <testcase name="strwithIntegers" time="0.003" classname="coding.Assignment1.AnagramTest"/>
  <testcase name="validCaps" time="0.002" classname="coding.Assignment1.AnagramTest"/>
  <testcase name="inValid" time="0.024" classname="coding.Assignment1.AnagramTest"/>
  <testcase name="strwithSpecialChar" time="0.002" classname="coding.Assignment1.AnagramTest"/>
</testsuite> <!-- coding.Assignment1.AnagramTest -->
