<?xml version="1.0" encoding="UTF-8"?>
<!-- Generated by org.testng.reporters.JUnitReportReporter -->
<testsuite skipped="0" hostname="Mac-mini" name="coding.Assignment1.SwappingTest" tests="2" failures="0" timestamp="05 Dec 2019 21:24:57 GMT" time="0.018" errors="0">
  <testcase name="valid" time="0.005" classname="coding.Assignment1.SwappingTest"/>
  <testcase name="invalid" time="0.013" classname="coding.Assignment1.SwappingTest"/>
</testsuite> <!-- coding.Assignment1.SwappingTest -->
