<?xml version="1.0" encoding="UTF-8"?>
<!-- Generated by org.testng.reporters.JUnitReportReporter -->
<testsuite skipped="0" hostname="Mac-mini" name="coding.Assignment1.DuplicatesTest" tests="8" failures="0" timestamp="05 Dec 2019 21:48:15 GMT" time="0.051" errors="0">
  <testcase name="testSingleCharString" time="0.003" classname="coding.Assignment1.DuplicatesTest"/>
  <testcase name="testNormalDuplicates" time="0.003" classname="coding.Assignment1.DuplicatesTest"/>
  <testcase name="testCaseSensitiveString" time="0.022" classname="coding.Assignment1.DuplicatesTest"/>
  <testcase name="testLastDuplicates" time="0.004" classname="coding.Assignment1.DuplicatesTest"/>
  <testcase name="testEmptyString" time="0.007" classname="coding.Assignment1.DuplicatesTest"/>
  <testcase name="testNullString" time="0.003" classname="coding.Assignment1.DuplicatesTest"/>
  <testcase name="testNoDuplicates" time="0.007" classname="coding.Assignment1.DuplicatesTest"/>
  <testcase name="testFirstDuplicates" time="0.002" classname="coding.Assignment1.DuplicatesTest"/>
</testsuite> <!-- coding.Assignment1.DuplicatesTest -->
