<?xml version="1.0" encoding="UTF-8"?>
<!-- Generated by org.testng.reporters.JUnitReportReporter -->
<testsuite skipped="0" hostname="Mac-mini" name="coding.Assignment1.PalindromeTest" tests="4" failures="0" timestamp="05 Dec 2019 22:52:07 GMT" time="0.039" errors="0">
  <testcase name="nullString" time="0.003" classname="coding.Assignment1.PalindromeTest"/>
  <testcase name="spString" time="0.004" classname="coding.Assignment1.PalindromeTest"/>
  <testcase name="emptyString" time="0.030" classname="coding.Assignment1.PalindromeTest"/>
  <testcase name="sstring" time="0.002" classname="coding.Assignment1.PalindromeTest"/>
</testsuite> <!-- coding.Assignment1.PalindromeTest -->
