<?xml version="1.0" encoding="UTF-8"?>
<!-- Generated by org.testng.reporters.JUnitReportReporter -->
<testsuite skipped="0" hostname="Mac-mini" name="coding.Assignment1.ReverseStringWTest" tests="3" failures="0" timestamp="05 Dec 2019 23:10:25 GMT" time="0.035" errors="0">
  <testcase name="nullString" time="0.004" classname="coding.Assignment1.ReverseStringWTest"/>
  <testcase name="validString" time="0.003" classname="coding.Assignment1.ReverseStringWTest"/>
  <testcase name="inValidString" time="0.028" classname="coding.Assignment1.ReverseStringWTest"/>
</testsuite> <!-- coding.Assignment1.ReverseStringWTest -->
